{"/Users/umituz/Desktop/Github/umituz/apps/ai/npm-packages/react-native-settings/src/domain/repositories/ISettingsRepository.ts": {"path":"/Users/umituz/Desktop/Github/umituz/apps/ai/npm-packages/react-native-settings/src/domain/repositories/ISettingsRepository.ts","statementMap":{},"fnMap":{},"branchMap":{},"s":{},"f":{},"b":{}}
,"/Users/umituz/Desktop/Github/umituz/apps/ai/npm-packages/react-native-settings/src/infrastructure/storage/SettingsStore.ts": {"path":"/Users/umituz/Desktop/Github/umituz/apps/ai/npm-packages/react-native-settings/src/infrastructure/storage/SettingsStore.ts","statementMap":{"0":{"start":{"line":30,"column":32},"end":{"line":30,"column":46}},"1":{"start":{"line":32,"column":31},"end":{"line":32,"column":62}},"2":{"start":{"line":34,"column":27},"end":{"line":54,"column":1}},"3":{"start":{"line":35,"column":2},"end":{"line":37,"column":3}},"4":{"start":{"line":36,"column":4},"end":{"line":36,"column":47}},"5":{"start":{"line":39,"column":19},"end":{"line":50,"column":3}},"6":{"start":{"line":52,"column":2},"end":{"line":52,"column":47}},"7":{"start":{"line":53,"column":2},"end":{"line":53,"column":18}},"8":{"start":{"line":56,"column":32},"end":{"line":169,"column":3}},"9":{"start":{"line":56,"column":69},"end":{"line":169,"column":1}},"10":{"start":{"line":62,"column":4},"end":{"line":64,"column":5}},"11":{"start":{"line":63,"column":6},"end":{"line":63,"column":71}},"12":{"start":{"line":66,"column":4},"end":{"line":66,"column":40}},"13":{"start":{"line":68,"column":4},"end":{"line":95,"column":5}},"14":{"start":{"line":69,"column":30},"end":{"line":69,"column":56}},"15":{"start":{"line":70,"column":25},"end":{"line":70,"column":67}},"16":{"start":{"line":73,"column":21},"end":{"line":73,"column":95}},"17":{"start":{"line":74,"column":19},"end":{"line":74,"column":50}},"18":{"start":{"line":77,"column":6},"end":{"line":79,"column":7}},"19":{"start":{"line":78,"column":8},"end":{"line":78,"column":69}},"20":{"start":{"line":81,"column":6},"end":{"line":85,"column":9}},"21":{"start":{"line":87,"column":6},"end":{"line":89,"column":7}},"22":{"start":{"line":88,"column":8},"end":{"line":88,"column":67}},"23":{"start":{"line":91,"column":6},"end":{"line":93,"column":7}},"24":{"start":{"line":92,"column":8},"end":{"line":92,"column":72}},"25":{"start":{"line":94,"column":6},"end":{"line":94,"column":64}},"26":{"start":{"line":99,"column":4},"end":{"line":101,"column":5}},"27":{"start":{"line":100,"column":6},"end":{"line":100,"column":69}},"28":{"start":{"line":103,"column":25},"end":{"line":103,"column":30}},"29":{"start":{"line":106,"column":4},"end":{"line":108,"column":5}},"30":{"start":{"line":107,"column":6},"end":{"line":107,"column":56}},"31":{"start":{"line":111,"column":28},"end":{"line":111,"column":42}},"32":{"start":{"line":112,"column":4},"end":{"line":119,"column":5}},"33":{"start":{"line":113,"column":23},"end":{"line":113,"column":54}},"34":{"start":{"line":114,"column":6},"end":{"line":116,"column":7}},"35":{"start":{"line":115,"column":8},"end":{"line":115,"column":50}},"36":{"start":{"line":117,"column":6},"end":{"line":117,"column":31}},"37":{"start":{"line":118,"column":6},"end":{"line":118,"column":13}},"38":{"start":{"line":121,"column":4},"end":{"line":121,"column":40}},"39":{"start":{"line":123,"column":4},"end":{"line":149,"column":5}},"40":{"start":{"line":124,"column":44},"end":{"line":128,"column":7}},"41":{"start":{"line":130,"column":25},"end":{"line":130,"column":83}},"42":{"start":{"line":133,"column":21},"end":{"line":133,"column":81}},"43":{"start":{"line":135,"column":6},"end":{"line":139,"column":9}},"44":{"start":{"line":141,"column":6},"end":{"line":143,"column":7}},"45":{"start":{"line":142,"column":8},"end":{"line":142,"column":68}},"46":{"start":{"line":145,"column":6},"end":{"line":147,"column":7}},"47":{"start":{"line":146,"column":8},"end":{"line":146,"column":74}},"48":{"start":{"line":148,"column":6},"end":{"line":148,"column":66}},"49":{"start":{"line":153,"column":4},"end":{"line":153,"column":40}},"50":{"start":{"line":155,"column":28},"end":{"line":155,"column":54}},"51":{"start":{"line":156,"column":23},"end":{"line":156,"column":65}},"52":{"start":{"line":159,"column":19},"end":{"line":159,"column":79}},"53":{"start":{"line":161,"column":4},"end":{"line":165,"column":7}},"54":{"start":{"line":168,"column":20},"end":{"line":168,"column":40}},"55":{"start":{"line":174,"column":27},"end":{"line":187,"column":1}},"56":{"start":{"line":176,"column":4},"end":{"line":176,"column":22}},"57":{"start":{"line":178,"column":2},"end":{"line":186,"column":4}}},"fnMap":{"0":{"name":"(anonymous_0)","decl":{"start":{"line":34,"column":27},"end":{"line":34,"column":28}},"loc":{"start":{"line":34,"column":61},"end":{"line":54,"column":1}},"line":34},"1":{"name":"(anonymous_1)","decl":{"start":{"line":56,"column":54},"end":{"line":56,"column":55}},"loc":{"start":{"line":56,"column":69},"end":{"line":169,"column":1}},"line":56},"2":{"name":"(anonymous_2)","decl":{"start":{"line":61,"column":16},"end":{"line":61,"column":17}},"loc":{"start":{"line":61,"column":42},"end":{"line":96,"column":3}},"line":61},"3":{"name":"(anonymous_3)","decl":{"start":{"line":98,"column":18},"end":{"line":98,"column":19}},"loc":{"start":{"line":98,"column":60},"end":{"line":150,"column":3}},"line":98},"4":{"name":"(anonymous_4)","decl":{"start":{"line":152,"column":17},"end":{"line":152,"column":18}},"loc":{"start":{"line":152,"column":43},"end":{"line":166,"column":3}},"line":152},"5":{"name":"(anonymous_5)","decl":{"start":{"line":168,"column":14},"end":{"line":168,"column":15}},"loc":{"start":{"line":168,"column":20},"end":{"line":168,"column":40}},"line":168},"6":{"name":"(anonymous_6)","decl":{"start":{"line":174,"column":27},"end":{"line":174,"column":28}},"loc":{"start":{"line":174,"column":33},"end":{"line":187,"column":1}},"line":174}},"branchMap":{"0":{"loc":{"start":{"line":35,"column":2},"end":{"line":37,"column":3}},"type":"if","locations":[{"start":{"line":35,"column":2},"end":{"line":37,"column":3}},{"start":{},"end":{}}],"line":35},"1":{"loc":{"start":{"line":62,"column":4},"end":{"line":64,"column":5}},"type":"if","locations":[{"start":{"line":62,"column":4},"end":{"line":64,"column":5}},{"start":{},"end":{}}],"line":62},"2":{"loc":{"start":{"line":77,"column":6},"end":{"line":79,"column":7}},"type":"if","locations":[{"start":{"line":77,"column":6},"end":{"line":79,"column":7}},{"start":{},"end":{}}],"line":77},"3":{"loc":{"start":{"line":87,"column":6},"end":{"line":89,"column":7}},"type":"if","locations":[{"start":{"line":87,"column":6},"end":{"line":89,"column":7}},{"start":{},"end":{}}],"line":87},"4":{"loc":{"start":{"line":91,"column":6},"end":{"line":93,"column":7}},"type":"if","locations":[{"start":{"line":91,"column":6},"end":{"line":93,"column":7}},{"start":{},"end":{}}],"line":91},"5":{"loc":{"start":{"line":99,"column":4},"end":{"line":101,"column":5}},"type":"if","locations":[{"start":{"line":99,"column":4},"end":{"line":101,"column":5}},{"start":{},"end":{}}],"line":99},"6":{"loc":{"start":{"line":106,"column":4},"end":{"line":108,"column":5}},"type":"if","locations":[{"start":{"line":106,"column":4},"end":{"line":108,"column":5}},{"start":{},"end":{}}],"line":106},"7":{"loc":{"start":{"line":112,"column":4},"end":{"line":119,"column":5}},"type":"if","locations":[{"start":{"line":112,"column":4},"end":{"line":119,"column":5}},{"start":{},"end":{}}],"line":112},"8":{"loc":{"start":{"line":114,"column":6},"end":{"line":116,"column":7}},"type":"if","locations":[{"start":{"line":114,"column":6},"end":{"line":116,"column":7}},{"start":{},"end":{}}],"line":114},"9":{"loc":{"start":{"line":136,"column":18},"end":{"line":136,"column":68}},"type":"cond-expr","locations":[{"start":{"line":136,"column":35},"end":{"line":136,"column":50}},{"start":{"line":136,"column":53},"end":{"line":136,"column":68}}],"line":136},"10":{"loc":{"start":{"line":141,"column":6},"end":{"line":143,"column":7}},"type":"if","locations":[{"start":{"line":141,"column":6},"end":{"line":143,"column":7}},{"start":{},"end":{}}],"line":141},"11":{"loc":{"start":{"line":145,"column":6},"end":{"line":147,"column":7}},"type":"if","locations":[{"start":{"line":145,"column":6},"end":{"line":147,"column":7}},{"start":{},"end":{}}],"line":145},"12":{"loc":{"start":{"line":162,"column":16},"end":{"line":162,"column":65}},"type":"cond-expr","locations":[{"start":{"line":162,"column":33},"end":{"line":162,"column":48}},{"start":{"line":162,"column":51},"end":{"line":162,"column":65}}],"line":162}},"s":{"0":0,"1":0,"2":0,"3":0,"4":0,"5":0,"6":0,"7":0,"8":0,"9":0,"10":0,"11":0,"12":0,"13":0,"14":0,"15":0,"16":0,"17":0,"18":0,"19":0,"20":0,"21":0,"22":0,"23":0,"24":0,"25":0,"26":0,"27":0,"28":0,"29":0,"30":0,"31":0,"32":0,"33":0,"34":0,"35":0,"36":0,"37":0,"38":0,"39":0,"40":0,"41":0,"42":0,"43":0,"44":0,"45":0,"46":0,"47":0,"48":0,"49":0,"50":0,"51":0,"52":0,"53":0,"54":0,"55":0,"56":0,"57":0},"f":{"0":0,"1":0,"2":0,"3":0,"4":0,"5":0,"6":0},"b":{"0":[0,0],"1":[0,0],"2":[0,0],"3":[0,0],"4":[0,0],"5":[0,0],"6":[0,0],"7":[0,0],"8":[0,0],"9":[0,0],"10":[0,0],"11":[0,0],"12":[0,0]}}
,"/Users/umituz/Desktop/Github/umituz/apps/ai/npm-packages/react-native-settings/src/presentation/components/CloudSyncSetting.tsx": {"path":"/Users/umituz/Desktop/Github/umituz/apps/ai/npm-packages/react-native-settings/src/presentation/components/CloudSyncSetting.tsx","statementMap":{"0":{"start":{"line":21,"column":65},"end":{"line":58,"column":1}},"1":{"start":{"line":30,"column":27},"end":{"line":43,"column":8}},"2":{"start":{"line":31,"column":4},"end":{"line":31,"column":37}},"3":{"start":{"line":31,"column":15},"end":{"line":31,"column":37}},"4":{"start":{"line":32,"column":16},"end":{"line":32,"column":26}},"5":{"start":{"line":33,"column":17},"end":{"line":33,"column":47}},"6":{"start":{"line":34,"column":20},"end":{"line":34,"column":44}},"7":{"start":{"line":35,"column":18},"end":{"line":35,"column":42}},"8":{"start":{"line":36,"column":17},"end":{"line":36,"column":39}},"9":{"start":{"line":38,"column":4},"end":{"line":38,"column":39}},"10":{"start":{"line":38,"column":21},"end":{"line":38,"column":39}},"11":{"start":{"line":39,"column":4},"end":{"line":39,"column":47}},"12":{"start":{"line":39,"column":22},"end":{"line":39,"column":47}},"13":{"start":{"line":40,"column":4},"end":{"line":40,"column":43}},"14":{"start":{"line":40,"column":20},"end":{"line":40,"column":43}},"15":{"start":{"line":41,"column":4},"end":{"line":41,"column":40}},"16":{"start":{"line":41,"column":18},"end":{"line":41,"column":40}},"17":{"start":{"line":42,"column":4},"end":{"line":42,"column":37}},"18":{"start":{"line":45,"column":29},"end":{"line":45,"column":146}},"19":{"start":{"line":47,"column":2},"end":{"line":57,"column":4}}},"fnMap":{"0":{"name":"(anonymous_0)","decl":{"start":{"line":21,"column":65},"end":{"line":21,"column":66}},"loc":{"start":{"line":29,"column":6},"end":{"line":58,"column":1}},"line":29},"1":{"name":"(anonymous_1)","decl":{"start":{"line":30,"column":39},"end":{"line":30,"column":40}},"loc":{"start":{"line":30,"column":82},"end":{"line":43,"column":3}},"line":30}},"branchMap":{"0":{"loc":{"start":{"line":24,"column":2},"end":{"line":24,"column":19}},"type":"default-arg","locations":[{"start":{"line":24,"column":14},"end":{"line":24,"column":19}}],"line":24},"1":{"loc":{"start":{"line":31,"column":4},"end":{"line":31,"column":37}},"type":"if","locations":[{"start":{"line":31,"column":4},"end":{"line":31,"column":37}},{"start":{},"end":{}}],"line":31},"2":{"loc":{"start":{"line":38,"column":4},"end":{"line":38,"column":39}},"type":"if","locations":[{"start":{"line":38,"column":4},"end":{"line":38,"column":39}},{"start":{},"end":{}}],"line":38},"3":{"loc":{"start":{"line":39,"column":4},"end":{"line":39,"column":47}},"type":"if","locations":[{"start":{"line":39,"column":4},"end":{"line":39,"column":47}},{"start":{},"end":{}}],"line":39},"4":{"loc":{"start":{"line":40,"column":4},"end":{"line":40,"column":43}},"type":"if","locations":[{"start":{"line":40,"column":4},"end":{"line":40,"column":43}},{"start":{},"end":{}}],"line":40},"5":{"loc":{"start":{"line":41,"column":4},"end":{"line":41,"column":40}},"type":"if","locations":[{"start":{"line":41,"column":4},"end":{"line":41,"column":40}},{"start":{},"end":{}}],"line":41},"6":{"loc":{"start":{"line":45,"column":29},"end":{"line":45,"column":146}},"type":"binary-expr","locations":[{"start":{"line":45,"column":29},"end":{"line":45,"column":40}},{"start":{"line":45,"column":45},"end":{"line":45,"column":145}}],"line":45},"7":{"loc":{"start":{"line":45,"column":45},"end":{"line":45,"column":145}},"type":"cond-expr","locations":[{"start":{"line":45,"column":57},"end":{"line":45,"column":66}},{"start":{"line":45,"column":69},"end":{"line":45,"column":145}}],"line":45},"8":{"loc":{"start":{"line":45,"column":69},"end":{"line":45,"column":145}},"type":"cond-expr","locations":[{"start":{"line":45,"column":82},"end":{"line":45,"column":127}},{"start":{"line":45,"column":130},"end":{"line":45,"column":145}}],"line":45},"9":{"loc":{"start":{"line":50,"column":13},"end":{"line":50,"column":34}},"type":"binary-expr","locations":[{"start":{"line":50,"column":13},"end":{"line":50,"column":18}},{"start":{"line":50,"column":22},"end":{"line":50,"column":34}}],"line":50}},"s":{"0":1,"1":6,"2":1,"3":0,"4":1,"5":1,"6":1,"7":1,"8":1,"9":1,"10":0,"11":1,"12":1,"13":0,"14":0,"15":0,"16":0,"17":0,"18":6,"19":6},"f":{"0":6,"1":1},"b":{"0":[5],"1":[0,1],"2":[0,1],"3":[1,0],"4":[0,0],"5":[0,0],"6":[6,5],"7":[1,4],"8":[1,3],"9":[6,5]},"_coverageSchema":"1a1c01bbd47fc00a2c39e90264f33305004495a9","hash":"e94bc41377d9c40c42548684cd28caed2caac299"}
,"/Users/umituz/Desktop/Github/umituz/apps/ai/npm-packages/react-native-settings/src/presentation/components/DisclaimerCard.tsx": {"path":"/Users/umituz/Desktop/Github/umituz/apps/ai/npm-packages/react-native-settings/src/presentation/components/DisclaimerCard.tsx","statementMap":{"0":{"start":{"line":25,"column":61},"end":{"line":76,"column":1}},"1":{"start":{"line":33,"column":17},"end":{"line":33,"column":37}},"2":{"start":{"line":34,"column":17},"end":{"line":34,"column":34}},"3":{"start":{"line":36,"column":2},"end":{"line":75,"column":4}},"4":{"start":{"line":78,"column":18},"end":{"line":115,"column":4}},"5":{"start":{"line":79,"column":2},"end":{"line":115,"column":4}}},"fnMap":{"0":{"name":"(anonymous_0)","decl":{"start":{"line":25,"column":61},"end":{"line":25,"column":62}},"loc":{"start":{"line":32,"column":6},"end":{"line":76,"column":1}},"line":32},"1":{"name":"(anonymous_1)","decl":{"start":{"line":78,"column":18},"end":{"line":78,"column":19}},"loc":{"start":{"line":79,"column":2},"end":{"line":115,"column":4}},"line":79}},"branchMap":{},"s":{"0":1,"1":4,"2":4,"3":0,"4":1,"5":4},"f":{"0":4,"1":4},"b":{},"_coverageSchema":"1a1c01bbd47fc00a2c39e90264f33305004495a9","hash":"d29acb6685eb07a962d1eb3a84a6d641bf3ac28c"}
,"/Users/umituz/Desktop/Github/umituz/apps/ai/npm-packages/react-native-settings/src/presentation/components/DisclaimerModal.tsx": {"path":"/Users/umituz/Desktop/Github/umituz/apps/ai/npm-packages/react-native-settings/src/presentation/components/DisclaimerModal.tsx","statementMap":{"0":{"start":{"line":24,"column":63},"end":{"line":75,"column":1}},"1":{"start":{"line":30,"column":17},"end":{"line":30,"column":37}},"2":{"start":{"line":31,"column":17},"end":{"line":31,"column":34}},"3":{"start":{"line":33,"column":2},"end":{"line":33,"column":28}},"4":{"start":{"line":33,"column":16},"end":{"line":33,"column":28}},"5":{"start":{"line":35,"column":2},"end":{"line":74,"column":4}},"6":{"start":{"line":77,"column":18},"end":{"line":104,"column":4}},"7":{"start":{"line":78,"column":2},"end":{"line":104,"column":4}}},"fnMap":{"0":{"name":"(anonymous_0)","decl":{"start":{"line":24,"column":63},"end":{"line":24,"column":64}},"loc":{"start":{"line":29,"column":6},"end":{"line":75,"column":1}},"line":29},"1":{"name":"(anonymous_1)","decl":{"start":{"line":77,"column":18},"end":{"line":77,"column":19}},"loc":{"start":{"line":78,"column":2},"end":{"line":104,"column":4}},"line":78}},"branchMap":{"0":{"loc":{"start":{"line":33,"column":2},"end":{"line":33,"column":28}},"type":"if","locations":[{"start":{"line":33,"column":2},"end":{"line":33,"column":28}},{"start":{},"end":{}}],"line":33}},"s":{"0":1,"1":0,"2":0,"3":0,"4":0,"5":0,"6":1,"7":0},"f":{"0":0,"1":0},"b":{"0":[0,0]},"_coverageSchema":"1a1c01bbd47fc00a2c39e90264f33305004495a9","hash":"fdf0011c3b9430369acc34578a473770ca4735df"}
,"/Users/umituz/Desktop/Github/umituz/apps/ai/npm-packages/react-native-settings/src/presentation/components/DisclaimerSetting.tsx": {"path":"/Users/umituz/Desktop/Github/umituz/apps/ai/npm-packages/react-native-settings/src/presentation/components/DisclaimerSetting.tsx","statementMap":{"0":{"start":{"line":47,"column":67},"end":{"line":113,"column":1}},"1":{"start":{"line":57,"column":16},"end":{"line":57,"column":33}},"2":{"start":{"line":58,"column":17},"end":{"line":58,"column":37}},"3":{"start":{"line":59,"column":42},"end":{"line":59,"column":57}},"4":{"start":{"line":61,"column":2},"end":{"line":65,"column":9}},"5":{"start":{"line":62,"column":4},"end":{"line":64,"column":6}},"6":{"start":{"line":63,"column":6},"end":{"line":63,"column":29}},"7":{"start":{"line":67,"column":16},"end":{"line":67,"column":41}},"8":{"start":{"line":68,"column":18},"end":{"line":68,"column":47}},"9":{"start":{"line":69,"column":23},"end":{"line":69,"column":41}},"10":{"start":{"line":70,"column":25},"end":{"line":70,"column":59}},"11":{"start":{"line":71,"column":31},"end":{"line":71,"column":80}},"12":{"start":{"line":73,"column":26},"end":{"line":78,"column":3}},"13":{"start":{"line":74,"column":4},"end":{"line":74,"column":26}},"14":{"start":{"line":75,"column":4},"end":{"line":77,"column":5}},"15":{"start":{"line":76,"column":6},"end":{"line":76,"column":53}},"16":{"start":{"line":80,"column":27},"end":{"line":85,"column":3}},"17":{"start":{"line":81,"column":4},"end":{"line":81,"column":27}},"18":{"start":{"line":82,"column":4},"end":{"line":84,"column":5}},"19":{"start":{"line":83,"column":6},"end":{"line":83,"column":53}},"20":{"start":{"line":87,"column":2},"end":{"line":112,"column":4}}},"fnMap":{"0":{"name":"(anonymous_0)","decl":{"start":{"line":47,"column":67},"end":{"line":47,"column":68}},"loc":{"start":{"line":56,"column":6},"end":{"line":113,"column":1}},"line":56},"1":{"name":"(anonymous_1)","decl":{"start":{"line":61,"column":12},"end":{"line":61,"column":13}},"loc":{"start":{"line":61,"column":18},"end":{"line":65,"column":3}},"line":61},"2":{"name":"(anonymous_2)","decl":{"start":{"line":62,"column":11},"end":{"line":62,"column":12}},"loc":{"start":{"line":62,"column":17},"end":{"line":64,"column":5}},"line":62},"3":{"name":"(anonymous_3)","decl":{"start":{"line":73,"column":26},"end":{"line":73,"column":27}},"loc":{"start":{"line":73,"column":32},"end":{"line":78,"column":3}},"line":73},"4":{"name":"(anonymous_4)","decl":{"start":{"line":80,"column":27},"end":{"line":80,"column":28}},"loc":{"start":{"line":80,"column":33},"end":{"line":85,"column":3}},"line":80}},"branchMap":{"0":{"loc":{"start":{"line":48,"column":2},"end":{"line":48,"column":40}},"type":"default-arg","locations":[{"start":{"line":48,"column":13},"end":{"line":48,"column":40}}],"line":48},"1":{"loc":{"start":{"line":49,"column":2},"end":{"line":49,"column":44}},"type":"default-arg","locations":[{"start":{"line":49,"column":15},"end":{"line":49,"column":44}}],"line":49},"2":{"loc":{"start":{"line":50,"column":2},"end":{"line":50,"column":54}},"type":"default-arg","locations":[{"start":{"line":50,"column":20},"end":{"line":50,"column":54}}],"line":50},"3":{"loc":{"start":{"line":51,"column":2},"end":{"line":51,"column":28}},"type":"default-arg","locations":[{"start":{"line":51,"column":13},"end":{"line":51,"column":28}}],"line":51},"4":{"loc":{"start":{"line":67,"column":16},"end":{"line":67,"column":41}},"type":"binary-expr","locations":[{"start":{"line":67,"column":16},"end":{"line":67,"column":26}},{"start":{"line":67,"column":30},"end":{"line":67,"column":41}}],"line":67},"5":{"loc":{"start":{"line":68,"column":18},"end":{"line":68,"column":47}},"type":"binary-expr","locations":[{"start":{"line":68,"column":18},"end":{"line":68,"column":30}},{"start":{"line":68,"column":34},"end":{"line":68,"column":47}}],"line":68},"6":{"loc":{"start":{"line":70,"column":25},"end":{"line":70,"column":59}},"type":"binary-expr","locations":[{"start":{"line":70,"column":25},"end":{"line":70,"column":34}},{"start":{"line":70,"column":38},"end":{"line":70,"column":59}}],"line":70},"7":{"loc":{"start":{"line":71,"column":31},"end":{"line":71,"column":80}},"type":"binary-expr","locations":[{"start":{"line":71,"column":31},"end":{"line":71,"column":46}},{"start":{"line":71,"column":50},"end":{"line":71,"column":80}}],"line":71},"8":{"loc":{"start":{"line":75,"column":4},"end":{"line":77,"column":5}},"type":"if","locations":[{"start":{"line":75,"column":4},"end":{"line":77,"column":5}},{"start":{},"end":{}}],"line":75},"9":{"loc":{"start":{"line":82,"column":4},"end":{"line":84,"column":5}},"type":"if","locations":[{"start":{"line":82,"column":4},"end":{"line":84,"column":5}},{"start":{},"end":{}}],"line":82}},"s":{"0":1,"1":4,"2":4,"3":4,"4":4,"5":0,"6":0,"7":4,"8":4,"9":4,"10":4,"11":4,"12":4,"13":0,"14":0,"15":0,"16":4,"17":0,"18":0,"19":0,"20":4},"f":{"0":4,"1":0,"2":0,"3":0,"4":0},"b":{"0":[3],"1":[3],"2":[3],"3":[3],"4":[4,4],"5":[4,4],"6":[4,4],"7":[4,4],"8":[0,0],"9":[0,0]},"_coverageSchema":"1a1c01bbd47fc00a2c39e90264f33305004495a9","hash":"a001622c3391cefbe6536d4d784a3a9ce29975a2"}
,"/Users/umituz/Desktop/Github/umituz/apps/ai/npm-packages/react-native-settings/src/presentation/components/SettingItem.tsx": {"path":"/Users/umituz/Desktop/Github/umituz/apps/ai/npm-packages/react-native-settings/src/presentation/components/SettingItem.tsx","statementMap":{"0":{"start":{"line":46,"column":55},"end":{"line":148,"column":1}},"1":{"start":{"line":62,"column":17},"end":{"line":62,"column":37}},"2":{"start":{"line":63,"column":17},"end":{"line":63,"column":30}},"3":{"start":{"line":64,"column":18},"end":{"line":64,"column":32}},"4":{"start":{"line":66,"column":2},"end":{"line":147,"column":4}},"5":{"start":{"line":69,"column":32},"end":{"line":76,"column":9}},"6":{"start":{"line":150,"column":15},"end":{"line":196,"column":2}}},"fnMap":{"0":{"name":"(anonymous_0)","decl":{"start":{"line":46,"column":55},"end":{"line":46,"column":56}},"loc":{"start":{"line":61,"column":6},"end":{"line":148,"column":1}},"line":61},"1":{"name":"(anonymous_1)","decl":{"start":{"line":69,"column":15},"end":{"line":69,"column":16}},"loc":{"start":{"line":69,"column":32},"end":{"line":76,"column":9}},"line":69}},"branchMap":{"0":{"loc":{"start":{"line":51,"column":2},"end":{"line":51,"column":20}},"type":"default-arg","locations":[{"start":{"line":51,"column":15},"end":{"line":51,"column":20}}],"line":51},"1":{"loc":{"start":{"line":54,"column":2},"end":{"line":54,"column":16}},"type":"default-arg","locations":[{"start":{"line":54,"column":11},"end":{"line":54,"column":16}}],"line":54},"2":{"loc":{"start":{"line":58,"column":2},"end":{"line":58,"column":18}},"type":"default-arg","locations":[{"start":{"line":58,"column":13},"end":{"line":58,"column":18}}],"line":58},"3":{"loc":{"start":{"line":72,"column":29},"end":{"line":74,"column":29}},"type":"cond-expr","locations":[{"start":{"line":73,"column":16},"end":{"line":73,"column":37}},{"start":{"line":74,"column":16},"end":{"line":74,"column":29}}],"line":72},"4":{"loc":{"start":{"line":72,"column":29},"end":{"line":72,"column":64}},"type":"binary-expr","locations":[{"start":{"line":72,"column":29},"end":{"line":72,"column":36}},{"start":{"line":72,"column":40},"end":{"line":72,"column":49}},{"start":{"line":72,"column":53},"end":{"line":72,"column":64}}],"line":72},"5":{"loc":{"start":{"line":78,"column":18},"end":{"line":78,"column":40}},"type":"binary-expr","locations":[{"start":{"line":78,"column":18},"end":{"line":78,"column":28}},{"start":{"line":78,"column":32},"end":{"line":78,"column":40}}],"line":78},"6":{"loc":{"start":{"line":86,"column":33},"end":{"line":88,"column":41}},"type":"cond-expr","locations":[{"start":{"line":87,"column":20},"end":{"line":87,"column":36}},{"start":{"line":88,"column":20},"end":{"line":88,"column":41}}],"line":86},"7":{"loc":{"start":{"line":92,"column":35},"end":{"line":92,"column":62}},"type":"binary-expr","locations":[{"start":{"line":92,"column":35},"end":{"line":92,"column":44}},{"start":{"line":92,"column":48},"end":{"line":92,"column":62}}],"line":92},"8":{"loc":{"start":{"line":99,"column":25},"end":{"line":101,"column":54}},"type":"cond-expr","locations":[{"start":{"line":100,"column":22},"end":{"line":100,"column":42}},{"start":{"line":101,"column":22},"end":{"line":101,"column":54}}],"line":99},"9":{"loc":{"start":{"line":101,"column":22},"end":{"line":101,"column":54}},"type":"binary-expr","locations":[{"start":{"line":101,"column":22},"end":{"line":101,"column":32}},{"start":{"line":101,"column":36},"end":{"line":101,"column":54}}],"line":101},"10":{"loc":{"start":{"line":102,"column":27},"end":{"line":102,"column":45}},"type":"cond-expr","locations":[{"start":{"line":102,"column":38},"end":{"line":102,"column":41}},{"start":{"line":102,"column":44},"end":{"line":102,"column":45}}],"line":102},"11":{"loc":{"start":{"line":109,"column":13},"end":{"line":116,"column":13}},"type":"binary-expr","locations":[{"start":{"line":109,"column":13},"end":{"line":109,"column":18}},{"start":{"line":109,"column":22},"end":{"line":109,"column":33}},{"start":{"line":110,"column":14},"end":{"line":115,"column":21}}],"line":109},"12":{"loc":{"start":{"line":121,"column":11},"end":{"line":134,"column":11}},"type":"cond-expr","locations":[{"start":{"line":122,"column":12},"end":{"line":131,"column":14}},{"start":{"line":133,"column":12},"end":{"line":133,"column":67}}],"line":121},"13":{"loc":{"start":{"line":125,"column":26},"end":{"line":128,"column":15}},"type":"binary-expr","locations":[{"start":{"line":125,"column":26},"end":{"line":125,"column":43}},{"start":{"line":125,"column":47},"end":{"line":128,"column":15}}],"line":125},"14":{"loc":{"start":{"line":129,"column":26},"end":{"line":129,"column":55}},"type":"binary-expr","locations":[{"start":{"line":129,"column":26},"end":{"line":129,"column":42}},{"start":{"line":129,"column":46},"end":{"line":129,"column":55}}],"line":129},"15":{"loc":{"start":{"line":138,"column":7},"end":{"line":145,"column":7}},"type":"binary-expr","locations":[{"start":{"line":138,"column":7},"end":{"line":138,"column":14}},{"start":{"line":139,"column":8},"end":{"line":144,"column":10}}],"line":138}},"s":{"0":1,"1":0,"2":0,"3":0,"4":0,"5":0,"6":1},"f":{"0":0,"1":0},"b":{"0":[0],"1":[0],"2":[0],"3":[0,0],"4":[0,0,0],"5":[0,0],"6":[0,0],"7":[0,0],"8":[0,0],"9":[0,0],"10":[0,0],"11":[0,0,0],"12":[0,0],"13":[0,0],"14":[0,0],"15":[0,0]},"_coverageSchema":"1a1c01bbd47fc00a2c39e90264f33305004495a9","hash":"263077235ed4d0e76f347f7c07a82c4fb71b4a02"}
,"/Users/umituz/Desktop/Github/umituz/apps/ai/npm-packages/react-native-settings/src/presentation/components/SettingsErrorBoundary.tsx": {"path":"/Users/umituz/Desktop/Github/umituz/apps/ai/npm-packages/react-native-settings/src/presentation/components/SettingsErrorBoundary.tsx","statementMap":{"0":{"start":{"line":25,"column":4},"end":{"line":25,"column":17}},"1":{"start":{"line":26,"column":4},"end":{"line":26,"column":37}},"2":{"start":{"line":30,"column":4},"end":{"line":30,"column":37}},"3":{"start":{"line":34,"column":4},"end":{"line":36,"column":5}},"4":{"start":{"line":35,"column":6},"end":{"line":35,"column":82}},"5":{"start":{"line":40,"column":4},"end":{"line":52,"column":5}},"6":{"start":{"line":41,"column":6},"end":{"line":43,"column":7}},"7":{"start":{"line":42,"column":8},"end":{"line":42,"column":35}},"8":{"start":{"line":45,"column":6},"end":{"line":51,"column":8}},"9":{"start":{"line":54,"column":4},"end":{"line":54,"column":31}},"10":{"start":{"line":64,"column":68},"end":{"line":102,"column":1}},"11":{"start":{"line":69,"column":17},"end":{"line":69,"column":37}},"12":{"start":{"line":71,"column":16},"end":{"line":71,"column":86}},"13":{"start":{"line":72,"column":18},"end":{"line":74,"column":21}},"14":{"start":{"line":76,"column":2},"end":{"line":101,"column":4}},"15":{"start":{"line":104,"column":15},"end":{"line":126,"column":2}}},"fnMap":{"0":{"name":"(anonymous_0)","decl":{"start":{"line":24,"column":2},"end":{"line":24,"column":3}},"loc":{"start":{"line":24,"column":28},"end":{"line":27,"column":3}},"line":24},"1":{"name":"(anonymous_1)","decl":{"start":{"line":29,"column":2},"end":{"line":29,"column":3}},"loc":{"start":{"line":29,"column":55},"end":{"line":31,"column":3}},"line":29},"2":{"name":"(anonymous_2)","decl":{"start":{"line":33,"column":2},"end":{"line":33,"column":3}},"loc":{"start":{"line":33,"column":71},"end":{"line":37,"column":3}},"line":33},"3":{"name":"(anonymous_3)","decl":{"start":{"line":39,"column":2},"end":{"line":39,"column":3}},"loc":{"start":{"line":39,"column":20},"end":{"line":55,"column":3}},"line":39},"4":{"name":"(anonymous_4)","decl":{"start":{"line":64,"column":68},"end":{"line":64,"column":69}},"loc":{"start":{"line":68,"column":6},"end":{"line":102,"column":1}},"line":68}},"branchMap":{"0":{"loc":{"start":{"line":34,"column":4},"end":{"line":36,"column":5}},"type":"if","locations":[{"start":{"line":34,"column":4},"end":{"line":36,"column":5}},{"start":{},"end":{}}],"line":34},"1":{"loc":{"start":{"line":40,"column":4},"end":{"line":52,"column":5}},"type":"if","locations":[{"start":{"line":40,"column":4},"end":{"line":52,"column":5}},{"start":{},"end":{}}],"line":40},"2":{"loc":{"start":{"line":41,"column":6},"end":{"line":43,"column":7}},"type":"if","locations":[{"start":{"line":41,"column":6},"end":{"line":43,"column":7}},{"start":{},"end":{}}],"line":41},"3":{"loc":{"start":{"line":66,"column":2},"end":{"line":66,"column":40}},"type":"default-arg","locations":[{"start":{"line":66,"column":18},"end":{"line":66,"column":40}}],"line":66},"4":{"loc":{"start":{"line":67,"column":2},"end":{"line":67,"column":44}},"type":"default-arg","locations":[{"start":{"line":67,"column":20},"end":{"line":67,"column":44}}],"line":67},"5":{"loc":{"start":{"line":71,"column":16},"end":{"line":71,"column":86}},"type":"cond-expr","locations":[{"start":{"line":71,"column":44},"end":{"line":71,"column":70}},{"start":{"line":71,"column":73},"end":{"line":71,"column":86}}],"line":71},"6":{"loc":{"start":{"line":71,"column":16},"end":{"line":71,"column":41}},"type":"binary-expr","locations":[{"start":{"line":71,"column":16},"end":{"line":71,"column":23}},{"start":{"line":71,"column":27},"end":{"line":71,"column":41}}],"line":71},"7":{"loc":{"start":{"line":72,"column":18},"end":{"line":74,"column":21}},"type":"cond-expr","locations":[{"start":{"line":73,"column":6},"end":{"line":73,"column":52}},{"start":{"line":74,"column":6},"end":{"line":74,"column":21}}],"line":72},"8":{"loc":{"start":{"line":72,"column":18},"end":{"line":72,"column":43}},"type":"binary-expr","locations":[{"start":{"line":72,"column":18},"end":{"line":72,"column":25}},{"start":{"line":72,"column":29},"end":{"line":72,"column":43}}],"line":72}},"s":{"0":0,"1":0,"2":0,"3":0,"4":0,"5":0,"6":0,"7":0,"8":0,"9":0,"10":0,"11":0,"12":0,"13":0,"14":0,"15":0},"f":{"0":0,"1":0,"2":0,"3":0,"4":0},"b":{"0":[0,0],"1":[0,0],"2":[0,0],"3":[0],"4":[0],"5":[0,0],"6":[0,0],"7":[0,0],"8":[0,0]}}
,"/Users/umituz/Desktop/Github/umituz/apps/ai/npm-packages/react-native-settings/src/presentation/components/SettingsFooter.tsx": {"path":"/Users/umituz/Desktop/Github/umituz/apps/ai/npm-packages/react-native-settings/src/presentation/components/SettingsFooter.tsx","statementMap":{"0":{"start":{"line":16,"column":61},"end":{"line":34,"column":1}},"1":{"start":{"line":19,"column":16},"end":{"line":19,"column":33}},"2":{"start":{"line":20,"column":17},"end":{"line":20,"column":37}},"3":{"start":{"line":21,"column":17},"end":{"line":21,"column":30}},"4":{"start":{"line":24,"column":4},"end":{"line":25,"column":73}},"5":{"start":{"line":27,"column":2},"end":{"line":33,"column":4}},"6":{"start":{"line":36,"column":15},"end":{"line":45,"column":2}}},"fnMap":{"0":{"name":"(anonymous_0)","decl":{"start":{"line":16,"column":61},"end":{"line":16,"column":62}},"loc":{"start":{"line":18,"column":6},"end":{"line":34,"column":1}},"line":18}},"branchMap":{"0":{"loc":{"start":{"line":24,"column":4},"end":{"line":25,"column":73}},"type":"binary-expr","locations":[{"start":{"line":24,"column":4},"end":{"line":24,"column":15}},{"start":{"line":25,"column":4},"end":{"line":25,"column":73}}],"line":24}},"s":{"0":0,"1":0,"2":0,"3":0,"4":0,"5":0,"6":0},"f":{"0":0},"b":{"0":[0,0]}}
,"/Users/umituz/Desktop/Github/umituz/apps/ai/npm-packages/react-native-settings/src/presentation/components/SettingsSection.tsx": {"path":"/Users/umituz/Desktop/Github/umituz/apps/ai/npm-packages/react-native-settings/src/presentation/components/SettingsSection.tsx","statementMap":{"0":{"start":{"line":17,"column":63},"end":{"line":34,"column":1}},"1":{"start":{"line":21,"column":17},"end":{"line":21,"column":37}},"2":{"start":{"line":22,"column":17},"end":{"line":22,"column":30}},"3":{"start":{"line":24,"column":2},"end":{"line":33,"column":4}},"4":{"start":{"line":36,"column":15},"end":{"line":52,"column":2}}},"fnMap":{"0":{"name":"(anonymous_0)","decl":{"start":{"line":17,"column":63},"end":{"line":17,"column":64}},"loc":{"start":{"line":20,"column":6},"end":{"line":34,"column":1}},"line":20}},"branchMap":{},"s":{"0":0,"1":0,"2":0,"3":0,"4":0},"f":{"0":0},"b":{}}
,"/Users/umituz/Desktop/Github/umituz/apps/ai/npm-packages/react-native-settings/src/presentation/components/StorageClearSetting.tsx": {"path":"/Users/umituz/Desktop/Github/umituz/apps/ai/npm-packages/react-native-settings/src/presentation/components/StorageClearSetting.tsx","statementMap":{"0":{"start":{"line":20,"column":71},"end":{"line":44,"column":1}},"1":{"start":{"line":29,"column":2},"end":{"line":31,"column":3}},"2":{"start":{"line":30,"column":4},"end":{"line":30,"column":16}},"3":{"start":{"line":33,"column":2},"end":{"line":43,"column":4}}},"fnMap":{"0":{"name":"(anonymous_0)","decl":{"start":{"line":20,"column":71},"end":{"line":20,"column":72}},"loc":{"start":{"line":27,"column":6},"end":{"line":44,"column":1}},"line":27}},"branchMap":{"0":{"loc":{"start":{"line":21,"column":2},"end":{"line":21,"column":29}},"type":"default-arg","locations":[{"start":{"line":21,"column":10},"end":{"line":21,"column":29}}],"line":21},"1":{"loc":{"start":{"line":22,"column":2},"end":{"line":22,"column":57}},"type":"default-arg","locations":[{"start":{"line":22,"column":16},"end":{"line":22,"column":57}}],"line":22},"2":{"loc":{"start":{"line":24,"column":2},"end":{"line":24,"column":23}},"type":"default-arg","locations":[{"start":{"line":24,"column":14},"end":{"line":24,"column":23}}],"line":24},"3":{"loc":{"start":{"line":25,"column":2},"end":{"line":25,"column":24}},"type":"default-arg","locations":[{"start":{"line":25,"column":15},"end":{"line":25,"column":24}}],"line":25},"4":{"loc":{"start":{"line":26,"column":2},"end":{"line":26,"column":16}},"type":"default-arg","locations":[{"start":{"line":26,"column":11},"end":{"line":26,"column":16}}],"line":26},"5":{"loc":{"start":{"line":29,"column":2},"end":{"line":31,"column":3}},"type":"if","locations":[{"start":{"line":29,"column":2},"end":{"line":31,"column":3}},{"start":{},"end":{}}],"line":29}},"s":{"0":0,"1":0,"2":0,"3":0},"f":{"0":0},"b":{"0":[0],"1":[0],"2":[0],"3":[0],"4":[0],"5":[0,0]}}
,"/Users/umituz/Desktop/Github/umituz/apps/ai/npm-packages/react-native-settings/src/presentation/components/UserProfileHeader.tsx": {"path":"/Users/umituz/Desktop/Github/umituz/apps/ai/npm-packages/react-native-settings/src/presentation/components/UserProfileHeader.tsx","statementMap":{"0":{"start":{"line":33,"column":67},"end":{"line":131,"column":1}},"1":{"start":{"line":43,"column":17},"end":{"line":43,"column":37}},"2":{"start":{"line":44,"column":21},"end":{"line":44,"column":36}},"3":{"start":{"line":45,"column":17},"end":{"line":45,"column":30}},"4":{"start":{"line":46,"column":18},"end":{"line":46,"column":32}},"5":{"start":{"line":47,"column":38},"end":{"line":47,"column":53}},"6":{"start":{"line":49,"column":27},"end":{"line":49,"column":90}},"7":{"start":{"line":50,"column":21},"end":{"line":50,"column":77}},"8":{"start":{"line":52,"column":31},"end":{"line":52,"column":79}},"9":{"start":{"line":54,"column":4},"end":{"line":55,"column":133}},"10":{"start":{"line":57,"column":22},"end":{"line":63,"column":3}},"11":{"start":{"line":58,"column":4},"end":{"line":62,"column":5}},"12":{"start":{"line":59,"column":6},"end":{"line":59,"column":16}},"13":{"start":{"line":60,"column":11},"end":{"line":62,"column":5}},"14":{"start":{"line":61,"column":6},"end":{"line":61,"column":57}},"15":{"start":{"line":65,"column":28},"end":{"line":65,"column":63}},"16":{"start":{"line":66,"column":22},"end":{"line":66,"column":57}},"17":{"start":{"line":68,"column":25},"end":{"line":76,"column":3}},"18":{"start":{"line":79,"column":4},"end":{"line":115,"column":7}},"19":{"start":{"line":86,"column":29},"end":{"line":86,"column":48}},"20":{"start":{"line":118,"column":2},"end":{"line":128,"column":3}},"21":{"start":{"line":119,"column":4},"end":{"line":127,"column":6}},"22":{"start":{"line":130,"column":2},"end":{"line":130,"column":55}},"23":{"start":{"line":133,"column":15},"end":{"line":183,"column":2}}},"fnMap":{"0":{"name":"(anonymous_0)","decl":{"start":{"line":33,"column":67},"end":{"line":33,"column":68}},"loc":{"start":{"line":42,"column":6},"end":{"line":131,"column":1}},"line":42},"1":{"name":"(anonymous_1)","decl":{"start":{"line":57,"column":22},"end":{"line":57,"column":23}},"loc":{"start":{"line":57,"column":28},"end":{"line":63,"column":3}},"line":57},"2":{"name":"(anonymous_2)","decl":{"start":{"line":86,"column":23},"end":{"line":86,"column":24}},"loc":{"start":{"line":86,"column":29},"end":{"line":86,"column":48}},"line":86}},"branchMap":{"0":{"loc":{"start":{"line":36,"column":2},"end":{"line":36,"column":17}},"type":"default-arg","locations":[{"start":{"line":36,"column":12},"end":{"line":36,"column":17}}],"line":36},"1":{"loc":{"start":{"line":49,"column":27},"end":{"line":49,"column":90}},"type":"binary-expr","locations":[{"start":{"line":49,"column":27},"end":{"line":49,"column":38}},{"start":{"line":49,"column":43},"end":{"line":49,"column":89}}],"line":49},"2":{"loc":{"start":{"line":49,"column":43},"end":{"line":49,"column":89}},"type":"cond-expr","locations":[{"start":{"line":49,"column":53},"end":{"line":49,"column":80}},{"start":{"line":49,"column":83},"end":{"line":49,"column":89}}],"line":49},"3":{"loc":{"start":{"line":49,"column":53},"end":{"line":49,"column":80}},"type":"binary-expr","locations":[{"start":{"line":49,"column":53},"end":{"line":49,"column":69}},{"start":{"line":49,"column":73},"end":{"line":49,"column":80}}],"line":49},"4":{"loc":{"start":{"line":50,"column":21},"end":{"line":50,"column":77}},"type":"cond-expr","locations":[{"start":{"line":50,"column":31},"end":{"line":50,"column":58}},{"start":{"line":50,"column":61},"end":{"line":50,"column":77}}],"line":50},"5":{"loc":{"start":{"line":50,"column":31},"end":{"line":50,"column":58}},"type":"binary-expr","locations":[{"start":{"line":50,"column":31},"end":{"line":50,"column":47}},{"start":{"line":50,"column":51},"end":{"line":50,"column":58}}],"line":50},"6":{"loc":{"start":{"line":52,"column":31},"end":{"line":52,"column":79}},"type":"binary-expr","locations":[{"start":{"line":52,"column":31},"end":{"line":52,"column":47}},{"start":{"line":52,"column":51},"end":{"line":52,"column":79}}],"line":52},"7":{"loc":{"start":{"line":54,"column":4},"end":{"line":55,"column":133}},"type":"binary-expr","locations":[{"start":{"line":54,"column":5},"end":{"line":54,"column":34}},{"start":{"line":55,"column":4},"end":{"line":55,"column":133}}],"line":54},"8":{"loc":{"start":{"line":54,"column":5},"end":{"line":54,"column":34}},"type":"cond-expr","locations":[{"start":{"line":54,"column":18},"end":{"line":54,"column":22}},{"start":{"line":54,"column":25},"end":{"line":54,"column":34}}],"line":54},"9":{"loc":{"start":{"line":58,"column":4},"end":{"line":62,"column":5}},"type":"if","locations":[{"start":{"line":58,"column":4},"end":{"line":62,"column":5}},{"start":{"line":60,"column":11},"end":{"line":62,"column":5}}],"line":58},"10":{"loc":{"start":{"line":60,"column":11},"end":{"line":62,"column":5}},"type":"if","locations":[{"start":{"line":60,"column":11},"end":{"line":62,"column":5}},{"start":{},"end":{}}],"line":60},"11":{"loc":{"start":{"line":65,"column":31},"end":{"line":65,"column":62}},"type":"binary-expr","locations":[{"start":{"line":65,"column":31},"end":{"line":65,"column":38}},{"start":{"line":65,"column":42},"end":{"line":65,"column":62}}],"line":65},"12":{"loc":{"start":{"line":66,"column":25},"end":{"line":66,"column":56}},"type":"binary-expr","locations":[{"start":{"line":66,"column":25},"end":{"line":66,"column":32}},{"start":{"line":66,"column":36},"end":{"line":66,"column":56}}],"line":66},"13":{"loc":{"start":{"line":82,"column":11},"end":{"line":98,"column":11}},"type":"cond-expr","locations":[{"start":{"line":83,"column":12},"end":{"line":87,"column":14}},{"start":{"line":89,"column":12},"end":{"line":97,"column":19}}],"line":82},"14":{"loc":{"start":{"line":110,"column":7},"end":{"line":114,"column":7}},"type":"binary-expr","locations":[{"start":{"line":110,"column":7},"end":{"line":110,"column":24}},{"start":{"line":111,"column":8},"end":{"line":113,"column":15}}],"line":110},"15":{"loc":{"start":{"line":118,"column":2},"end":{"line":128,"column":3}},"type":"if","locations":[{"start":{"line":118,"column":2},"end":{"line":128,"column":3}},{"start":{},"end":{}}],"line":118}},"s":{"0":0,"1":0,"2":0,"3":0,"4":0,"5":0,"6":0,"7":0,"8":0,"9":0,"10":0,"11":0,"12":0,"13":0,"14":0,"15":0,"16":0,"17":0,"18":0,"19":0,"20":0,"21":0,"22":0,"23":0},"f":{"0":0,"1":0,"2":0},"b":{"0":[0],"1":[0,0],"2":[0,0],"3":[0,0],"4":[0,0],"5":[0,0],"6":[0,0],"7":[0,0],"8":[0,0],"9":[0,0],"10":[0,0],"11":[0,0],"12":[0,0],"13":[0,0],"14":[0,0],"15":[0,0]}}
,"/Users/umituz/Desktop/Github/umituz/apps/ai/npm-packages/react-native-settings/src/presentation/screens/AppearanceScreen.tsx": {"path":"/Users/umituz/Desktop/Github/umituz/apps/ai/npm-packages/react-native-settings/src/presentation/screens/AppearanceScreen.tsx","statementMap":{},"fnMap":{},"branchMap":{},"s":{},"f":{},"b":{}}
,"/Users/umituz/Desktop/Github/umituz/apps/ai/npm-packages/react-native-settings/src/presentation/screens/SettingsScreen.tsx": {"path":"/Users/umituz/Desktop/Github/umituz/apps/ai/npm-packages/react-native-settings/src/presentation/screens/SettingsScreen.tsx","statementMap":{"0":{"start":{"line":51,"column":61},"end":{"line":92,"column":1}},"1":{"start":{"line":62,"column":21},"end":{"line":62,"column":36}},"2":{"start":{"line":63,"column":24},"end":{"line":63,"column":46}},"3":{"start":{"line":64,"column":17},"end":{"line":64,"column":37}},"4":{"start":{"line":66,"column":17},"end":{"line":66,"column":37}},"5":{"start":{"line":67,"column":17},"end":{"line":67,"column":30}},"6":{"start":{"line":69,"column":27},"end":{"line":69,"column":58}},"7":{"start":{"line":70,"column":19},"end":{"line":70,"column":84}},"8":{"start":{"line":72,"column":2},"end":{"line":91,"column":4}},"9":{"start":{"line":94,"column":15},"end":{"line":98,"column":2}}},"fnMap":{"0":{"name":"(anonymous_0)","decl":{"start":{"line":51,"column":61},"end":{"line":51,"column":62}},"loc":{"start":{"line":61,"column":6},"end":{"line":92,"column":1}},"line":61}},"branchMap":{"0":{"loc":{"start":{"line":52,"column":2},"end":{"line":52,"column":13}},"type":"default-arg","locations":[{"start":{"line":52,"column":11},"end":{"line":52,"column":13}}],"line":52},"1":{"loc":{"start":{"line":53,"column":2},"end":{"line":53,"column":25}},"type":"default-arg","locations":[{"start":{"line":53,"column":20},"end":{"line":53,"column":25}}],"line":53},"2":{"loc":{"start":{"line":55,"column":2},"end":{"line":55,"column":19}},"type":"default-arg","locations":[{"start":{"line":55,"column":15},"end":{"line":55,"column":19}}],"line":55},"3":{"loc":{"start":{"line":57,"column":2},"end":{"line":57,"column":21}},"type":"default-arg","locations":[{"start":{"line":57,"column":19},"end":{"line":57,"column":21}}],"line":57},"4":{"loc":{"start":{"line":58,"column":2},"end":{"line":58,"column":25}},"type":"default-arg","locations":[{"start":{"line":58,"column":20},"end":{"line":58,"column":25}}],"line":58},"5":{"loc":{"start":{"line":74,"column":27},"end":{"line":74,"column":68}},"type":"cond-expr","locations":[{"start":{"line":74,"column":36},"end":{"line":74,"column":51}},{"start":{"line":74,"column":54},"end":{"line":74,"column":68}}],"line":74}},"s":{"0":0,"1":0,"2":0,"3":0,"4":0,"5":0,"6":0,"7":0,"8":0,"9":0},"f":{"0":0},"b":{"0":[0],"1":[0],"2":[0],"3":[0],"4":[0],"5":[0,0]}}
,"/Users/umituz/Desktop/Github/umituz/apps/ai/npm-packages/react-native-settings/src/presentation/screens/components/AboutLegalSection.tsx": {"path":"/Users/umituz/Desktop/Github/umituz/apps/ai/npm-packages/react-native-settings/src/presentation/screens/components/AboutLegalSection.tsx","statementMap":{"0":{"start":{"line":30,"column":67},"end":{"line":74,"column":1}},"1":{"start":{"line":36,"column":21},"end":{"line":36,"column":52}},"2":{"start":{"line":37,"column":16},"end":{"line":37,"column":33}},"3":{"start":{"line":39,"column":2},"end":{"line":41,"column":3}},"4":{"start":{"line":40,"column":4},"end":{"line":40,"column":16}},"5":{"start":{"line":43,"column":21},"end":{"line":43,"column":50}},"6":{"start":{"line":44,"column":21},"end":{"line":44,"column":68}},"7":{"start":{"line":46,"column":4},"end":{"line":46,"column":63}},"8":{"start":{"line":48,"column":21},"end":{"line":48,"column":50}},"9":{"start":{"line":49,"column":21},"end":{"line":49,"column":68}},"10":{"start":{"line":51,"column":4},"end":{"line":51,"column":63}},"11":{"start":{"line":53,"column":2},"end":{"line":73,"column":4}},"12":{"start":{"line":60,"column":25},"end":{"line":60,"column":66}},"13":{"start":{"line":68,"column":25},"end":{"line":68,"column":66}}},"fnMap":{"0":{"name":"(anonymous_0)","decl":{"start":{"line":30,"column":67},"end":{"line":30,"column":68}},"loc":{"start":{"line":35,"column":6},"end":{"line":74,"column":1}},"line":35},"1":{"name":"(anonymous_1)","decl":{"start":{"line":60,"column":19},"end":{"line":60,"column":20}},"loc":{"start":{"line":60,"column":25},"end":{"line":60,"column":66}},"line":60},"2":{"name":"(anonymous_2)","decl":{"start":{"line":68,"column":19},"end":{"line":68,"column":20}},"loc":{"start":{"line":68,"column":25},"end":{"line":68,"column":66}},"line":68}},"branchMap":{"0":{"loc":{"start":{"line":39,"column":2},"end":{"line":41,"column":3}},"type":"if","locations":[{"start":{"line":39,"column":2},"end":{"line":41,"column":3}},{"start":{},"end":{}}],"line":39},"1":{"loc":{"start":{"line":39,"column":6},"end":{"line":39,"column":30}},"type":"binary-expr","locations":[{"start":{"line":39,"column":6},"end":{"line":39,"column":16}},{"start":{"line":39,"column":20},"end":{"line":39,"column":30}}],"line":39},"2":{"loc":{"start":{"line":43,"column":21},"end":{"line":43,"column":50}},"type":"binary-expr","locations":[{"start":{"line":43,"column":21},"end":{"line":43,"column":39}},{"start":{"line":43,"column":43},"end":{"line":43,"column":50}}],"line":43},"3":{"loc":{"start":{"line":44,"column":21},"end":{"line":44,"column":68}},"type":"binary-expr","locations":[{"start":{"line":44,"column":21},"end":{"line":44,"column":39}},{"start":{"line":44,"column":43},"end":{"line":44,"column":68}}],"line":44},"4":{"loc":{"start":{"line":46,"column":4},"end":{"line":46,"column":63}},"type":"binary-expr","locations":[{"start":{"line":46,"column":4},"end":{"line":46,"column":28}},{"start":{"line":46,"column":32},"end":{"line":46,"column":63}}],"line":46},"5":{"loc":{"start":{"line":48,"column":21},"end":{"line":48,"column":50}},"type":"binary-expr","locations":[{"start":{"line":48,"column":21},"end":{"line":48,"column":39}},{"start":{"line":48,"column":43},"end":{"line":48,"column":50}}],"line":48},"6":{"loc":{"start":{"line":49,"column":21},"end":{"line":49,"column":68}},"type":"binary-expr","locations":[{"start":{"line":49,"column":21},"end":{"line":49,"column":39}},{"start":{"line":49,"column":43},"end":{"line":49,"column":68}}],"line":49},"7":{"loc":{"start":{"line":51,"column":4},"end":{"line":51,"column":63}},"type":"binary-expr","locations":[{"start":{"line":51,"column":4},"end":{"line":51,"column":28}},{"start":{"line":51,"column":32},"end":{"line":51,"column":63}}],"line":51},"8":{"loc":{"start":{"line":55,"column":7},"end":{"line":62,"column":7}},"type":"binary-expr","locations":[{"start":{"line":55,"column":7},"end":{"line":55,"column":16}},{"start":{"line":56,"column":8},"end":{"line":61,"column":10}}],"line":55},"9":{"loc":{"start":{"line":63,"column":7},"end":{"line":71,"column":7}},"type":"binary-expr","locations":[{"start":{"line":63,"column":7},"end":{"line":63,"column":16}},{"start":{"line":64,"column":8},"end":{"line":70,"column":10}}],"line":63}},"s":{"0":0,"1":0,"2":0,"3":0,"4":0,"5":0,"6":0,"7":0,"8":0,"9":0,"10":0,"11":0,"12":0,"13":0},"f":{"0":0,"1":0,"2":0},"b":{"0":[0,0],"1":[0,0],"2":[0,0],"3":[0,0],"4":[0,0],"5":[0,0],"6":[0,0],"7":[0,0],"8":[0,0],"9":[0,0]}}
,"/Users/umituz/Desktop/Github/umituz/apps/ai/npm-packages/react-native-settings/src/presentation/screens/components/AppearanceSection.tsx": {"path":"/Users/umituz/Desktop/Github/umituz/apps/ai/npm-packages/react-native-settings/src/presentation/screens/components/AppearanceSection.tsx","statementMap":{"0":{"start":{"line":18,"column":67},"end":{"line":38,"column":1}},"1":{"start":{"line":21,"column":21},"end":{"line":21,"column":36}},"2":{"start":{"line":22,"column":16},"end":{"line":22,"column":33}},"3":{"start":{"line":24,"column":16},"end":{"line":24,"column":45}},"4":{"start":{"line":25,"column":16},"end":{"line":25,"column":63}},"5":{"start":{"line":26,"column":22},"end":{"line":26,"column":81}},"6":{"start":{"line":28,"column":2},"end":{"line":37,"column":4}},"7":{"start":{"line":34,"column":23},"end":{"line":34,"column":58}}},"fnMap":{"0":{"name":"(anonymous_0)","decl":{"start":{"line":18,"column":67},"end":{"line":18,"column":68}},"loc":{"start":{"line":20,"column":6},"end":{"line":38,"column":1}},"line":20},"1":{"name":"(anonymous_1)","decl":{"start":{"line":34,"column":17},"end":{"line":34,"column":18}},"loc":{"start":{"line":34,"column":23},"end":{"line":34,"column":58}},"line":34}},"branchMap":{"0":{"loc":{"start":{"line":24,"column":16},"end":{"line":24,"column":45}},"type":"binary-expr","locations":[{"start":{"line":24,"column":16},"end":{"line":24,"column":29}},{"start":{"line":24,"column":33},"end":{"line":24,"column":45}}],"line":24},"1":{"loc":{"start":{"line":25,"column":16},"end":{"line":25,"column":63}},"type":"binary-expr","locations":[{"start":{"line":25,"column":16},"end":{"line":25,"column":29}},{"start":{"line":25,"column":33},"end":{"line":25,"column":63}}],"line":25},"2":{"loc":{"start":{"line":26,"column":22},"end":{"line":26,"column":81}},"type":"binary-expr","locations":[{"start":{"line":26,"column":22},"end":{"line":26,"column":41}},{"start":{"line":26,"column":45},"end":{"line":26,"column":81}}],"line":26}},"s":{"0":0,"1":0,"2":0,"3":0,"4":0,"5":0,"6":0,"7":0},"f":{"0":0,"1":0},"b":{"0":[0,0],"1":[0,0],"2":[0,0]}}
,"/Users/umituz/Desktop/Github/umituz/apps/ai/npm-packages/react-native-settings/src/presentation/screens/components/LanguageSection.tsx": {"path":"/Users/umituz/Desktop/Github/umituz/apps/ai/npm-packages/react-native-settings/src/presentation/screens/components/LanguageSection.tsx","statementMap":{"0":{"start":{"line":18,"column":63},"end":{"line":43,"column":1}},"1":{"start":{"line":21,"column":21},"end":{"line":21,"column":36}},"2":{"start":{"line":22,"column":33},"end":{"line":22,"column":50}},"3":{"start":{"line":24,"column":16},"end":{"line":24,"column":52}},"4":{"start":{"line":25,"column":16},"end":{"line":25,"column":55}},"5":{"start":{"line":26,"column":22},"end":{"line":26,"column":47}},"6":{"start":{"line":28,"column":22},"end":{"line":28,"column":56}},"7":{"start":{"line":29,"column":26},"end":{"line":31,"column":15}},"8":{"start":{"line":33,"column":2},"end":{"line":42,"column":4}},"9":{"start":{"line":39,"column":23},"end":{"line":39,"column":58}}},"fnMap":{"0":{"name":"(anonymous_0)","decl":{"start":{"line":18,"column":63},"end":{"line":18,"column":64}},"loc":{"start":{"line":20,"column":6},"end":{"line":43,"column":1}},"line":20},"1":{"name":"(anonymous_1)","decl":{"start":{"line":39,"column":17},"end":{"line":39,"column":18}},"loc":{"start":{"line":39,"column":23},"end":{"line":39,"column":58}},"line":39}},"branchMap":{"0":{"loc":{"start":{"line":24,"column":16},"end":{"line":24,"column":52}},"type":"binary-expr","locations":[{"start":{"line":24,"column":16},"end":{"line":24,"column":29}},{"start":{"line":24,"column":33},"end":{"line":24,"column":52}}],"line":24},"1":{"loc":{"start":{"line":25,"column":16},"end":{"line":25,"column":55}},"type":"binary-expr","locations":[{"start":{"line":25,"column":16},"end":{"line":25,"column":29}},{"start":{"line":25,"column":33},"end":{"line":25,"column":55}}],"line":25},"2":{"loc":{"start":{"line":26,"column":22},"end":{"line":26,"column":47}},"type":"binary-expr","locations":[{"start":{"line":26,"column":22},"end":{"line":26,"column":41}},{"start":{"line":26,"column":45},"end":{"line":26,"column":47}}],"line":26},"3":{"loc":{"start":{"line":29,"column":26},"end":{"line":31,"column":15}},"type":"cond-expr","locations":[{"start":{"line":30,"column":6},"end":{"line":30,"column":53}},{"start":{"line":31,"column":6},"end":{"line":31,"column":15}}],"line":29}},"s":{"0":0,"1":0,"2":0,"3":0,"4":0,"5":0,"6":0,"7":0,"8":0,"9":0},"f":{"0":0,"1":0},"b":{"0":[0,0],"1":[0,0],"2":[0,0],"3":[0,0]}}
,"/Users/umituz/Desktop/Github/umituz/apps/ai/npm-packages/react-native-settings/src/presentation/screens/components/NotificationsSection.tsx": {"path":"/Users/umituz/Desktop/Github/umituz/apps/ai/npm-packages/react-native-settings/src/presentation/screens/components/NotificationsSection.tsx","statementMap":{"0":{"start":{"line":18,"column":11},"end":{"line":18,"column":15}},"1":{"start":{"line":19,"column":0},"end":{"line":27,"column":1}},"2":{"start":{"line":21,"column":17},"end":{"line":21,"column":62}},"3":{"start":{"line":22,"column":2},"end":{"line":24,"column":3}},"4":{"start":{"line":23,"column":4},"end":{"line":23,"column":53}},"5":{"start":{"line":33,"column":73},"end":{"line":96,"column":1}},"6":{"start":{"line":36,"column":21},"end":{"line":36,"column":41}},"7":{"start":{"line":37,"column":16},"end":{"line":37,"column":33}},"8":{"start":{"line":38,"column":58},"end":{"line":40,"column":3}},"9":{"start":{"line":42,"column":2},"end":{"line":46,"column":37}},"10":{"start":{"line":43,"column":4},"end":{"line":45,"column":5}},"11":{"start":{"line":44,"column":6},"end":{"line":44,"column":51}},"12":{"start":{"line":48,"column":23},"end":{"line":58,"column":3}},"13":{"start":{"line":49,"column":4},"end":{"line":54,"column":5}},"14":{"start":{"line":50,"column":29},"end":{"line":50,"column":73}},"15":{"start":{"line":51,"column":6},"end":{"line":53,"column":7}},"16":{"start":{"line":52,"column":8},"end":{"line":52,"column":57}},"17":{"start":{"line":56,"column":4},"end":{"line":56,"column":35}},"18":{"start":{"line":57,"column":4},"end":{"line":57,"column":36}},"19":{"start":{"line":60,"column":22},"end":{"line":68,"column":3}},"20":{"start":{"line":61,"column":4},"end":{"line":66,"column":5}},"21":{"start":{"line":62,"column":29},"end":{"line":62,"column":73}},"22":{"start":{"line":63,"column":6},"end":{"line":65,"column":7}},"23":{"start":{"line":64,"column":8},"end":{"line":64,"column":57}},"24":{"start":{"line":67,"column":4},"end":{"line":67,"column":65}},"25":{"start":{"line":70,"column":16},"end":{"line":70,"column":66}},"26":{"start":{"line":71,"column":22},"end":{"line":71,"column":84}},"27":{"start":{"line":72,"column":21},"end":{"line":72,"column":47}},"28":{"start":{"line":74,"column":2},"end":{"line":95,"column":4}}},"fnMap":{"0":{"name":"(anonymous_0)","decl":{"start":{"line":33,"column":73},"end":{"line":33,"column":74}},"loc":{"start":{"line":35,"column":6},"end":{"line":96,"column":1}},"line":35},"1":{"name":"(anonymous_1)","decl":{"start":{"line":42,"column":12},"end":{"line":42,"column":13}},"loc":{"start":{"line":42,"column":18},"end":{"line":46,"column":3}},"line":42},"2":{"name":"(anonymous_2)","decl":{"start":{"line":48,"column":23},"end":{"line":48,"column":24}},"loc":{"start":{"line":48,"column":49},"end":{"line":58,"column":3}},"line":48},"3":{"name":"(anonymous_3)","decl":{"start":{"line":60,"column":22},"end":{"line":60,"column":23}},"loc":{"start":{"line":60,"column":34},"end":{"line":68,"column":3}},"line":60}},"branchMap":{"0":{"loc":{"start":{"line":22,"column":2},"end":{"line":24,"column":3}},"type":"if","locations":[{"start":{"line":22,"column":2},"end":{"line":24,"column":3}},{"start":{},"end":{}}],"line":22},"1":{"loc":{"start":{"line":22,"column":6},"end":{"line":22,"column":83}},"type":"binary-expr","locations":[{"start":{"line":22,"column":6},"end":{"line":22,"column":33}},{"start":{"line":22,"column":37},"end":{"line":22,"column":83}}],"line":22},"2":{"loc":{"start":{"line":39,"column":4},"end":{"line":39,"column":32}},"type":"binary-expr","locations":[{"start":{"line":39,"column":4},"end":{"line":39,"column":24}},{"start":{"line":39,"column":28},"end":{"line":39,"column":32}}],"line":39},"3":{"loc":{"start":{"line":43,"column":4},"end":{"line":45,"column":5}},"type":"if","locations":[{"start":{"line":43,"column":4},"end":{"line":45,"column":5}},{"start":{},"end":{}}],"line":43},"4":{"loc":{"start":{"line":49,"column":4},"end":{"line":54,"column":5}},"type":"if","locations":[{"start":{"line":49,"column":4},"end":{"line":54,"column":5}},{"start":{},"end":{}}],"line":49},"5":{"loc":{"start":{"line":49,"column":8},"end":{"line":49,"column":37}},"type":"binary-expr","locations":[{"start":{"line":49,"column":8},"end":{"line":49,"column":27}},{"start":{"line":49,"column":31},"end":{"line":49,"column":37}}],"line":49},"6":{"loc":{"start":{"line":51,"column":6},"end":{"line":53,"column":7}},"type":"if","locations":[{"start":{"line":51,"column":6},"end":{"line":53,"column":7}},{"start":{},"end":{}}],"line":51},"7":{"loc":{"start":{"line":61,"column":4},"end":{"line":66,"column":5}},"type":"if","locations":[{"start":{"line":61,"column":4},"end":{"line":66,"column":5}},{"start":{},"end":{}}],"line":61},"8":{"loc":{"start":{"line":63,"column":6},"end":{"line":65,"column":7}},"type":"if","locations":[{"start":{"line":63,"column":6},"end":{"line":65,"column":7}},{"start":{},"end":{}}],"line":63},"9":{"loc":{"start":{"line":67,"column":24},"end":{"line":67,"column":63}},"type":"binary-expr","locations":[{"start":{"line":67,"column":24},"end":{"line":67,"column":37}},{"start":{"line":67,"column":41},"end":{"line":67,"column":63}}],"line":67},"10":{"loc":{"start":{"line":70,"column":16},"end":{"line":70,"column":66}},"type":"binary-expr","locations":[{"start":{"line":70,"column":16},"end":{"line":70,"column":29}},{"start":{"line":70,"column":33},"end":{"line":70,"column":66}}],"line":70},"11":{"loc":{"start":{"line":71,"column":22},"end":{"line":71,"column":84}},"type":"binary-expr","locations":[{"start":{"line":71,"column":22},"end":{"line":71,"column":41}},{"start":{"line":71,"column":45},"end":{"line":71,"column":84}}],"line":71},"12":{"loc":{"start":{"line":72,"column":21},"end":{"line":72,"column":47}},"type":"binary-expr","locations":[{"start":{"line":72,"column":21},"end":{"line":72,"column":39}},{"start":{"line":72,"column":43},"end":{"line":72,"column":47}}],"line":72},"13":{"loc":{"start":{"line":76,"column":7},"end":{"line":93,"column":7}},"type":"cond-expr","locations":[{"start":{"line":77,"column":8},"end":{"line":84,"column":10}},{"start":{"line":86,"column":8},"end":{"line":92,"column":10}}],"line":76}},"s":{"0":0,"1":0,"2":0,"3":0,"4":0,"5":0,"6":0,"7":0,"8":0,"9":0,"10":0,"11":0,"12":0,"13":0,"14":0,"15":0,"16":0,"17":0,"18":0,"19":0,"20":0,"21":0,"22":0,"23":0,"24":0,"25":0,"26":0,"27":0,"28":0},"f":{"0":0,"1":0,"2":0,"3":0},"b":{"0":[0,0],"1":[0,0],"2":[0,0],"3":[0,0],"4":[0,0],"5":[0,0],"6":[0,0],"7":[0,0],"8":[0,0],"9":[0,0],"10":[0,0],"11":[0,0],"12":[0,0],"13":[0,0]}}
,"/Users/umituz/Desktop/Github/umituz/apps/ai/npm-packages/react-native-settings/src/presentation/screens/components/SettingsContent.tsx": {"path":"/Users/umituz/Desktop/Github/umituz/apps/ai/npm-packages/react-native-settings/src/presentation/screens/components/SettingsContent.tsx","statementMap":{"0":{"start":{"line":47,"column":63},"end":{"line":149,"column":1}},"1":{"start":{"line":57,"column":17},"end":{"line":57,"column":37}},"2":{"start":{"line":58,"column":17},"end":{"line":58,"column":36}},"3":{"start":{"line":59,"column":16},"end":{"line":59,"column":33}},"4":{"start":{"line":61,"column":25},"end":{"line":69,"column":3}},"5":{"start":{"line":62,"column":4},"end":{"line":67,"column":29}},"6":{"start":{"line":71,"column":25},"end":{"line":74,"column":22}},"7":{"start":{"line":72,"column":4},"end":{"line":73,"column":59}},"8":{"start":{"line":73,"column":22},"end":{"line":73,"column":57}},"9":{"start":{"line":76,"column":2},"end":{"line":148,"column":4}},"10":{"start":{"line":126,"column":12},"end":{"line":131,"column":30}},"11":{"start":{"line":151,"column":15},"end":{"line":165,"column":2}}},"fnMap":{"0":{"name":"(anonymous_0)","decl":{"start":{"line":47,"column":63},"end":{"line":47,"column":64}},"loc":{"start":{"line":56,"column":6},"end":{"line":149,"column":1}},"line":56},"1":{"name":"(anonymous_1)","decl":{"start":{"line":61,"column":33},"end":{"line":61,"column":34}},"loc":{"start":{"line":62,"column":4},"end":{"line":67,"column":29}},"line":62},"2":{"name":"(anonymous_2)","decl":{"start":{"line":71,"column":33},"end":{"line":71,"column":34}},"loc":{"start":{"line":71,"column":39},"end":{"line":74,"column":3}},"line":71},"3":{"name":"(anonymous_3)","decl":{"start":{"line":73,"column":12},"end":{"line":73,"column":13}},"loc":{"start":{"line":73,"column":22},"end":{"line":73,"column":57}},"line":73},"4":{"name":"(anonymous_4)","decl":{"start":{"line":125,"column":30},"end":{"line":125,"column":31}},"loc":{"start":{"line":126,"column":12},"end":{"line":131,"column":30}},"line":126}},"branchMap":{"0":{"loc":{"start":{"line":50,"column":2},"end":{"line":50,"column":25}},"type":"default-arg","locations":[{"start":{"line":50,"column":20},"end":{"line":50,"column":25}}],"line":50},"1":{"loc":{"start":{"line":52,"column":2},"end":{"line":52,"column":19}},"type":"default-arg","locations":[{"start":{"line":52,"column":15},"end":{"line":52,"column":19}}],"line":52},"2":{"loc":{"start":{"line":54,"column":2},"end":{"line":54,"column":21}},"type":"default-arg","locations":[{"start":{"line":54,"column":19},"end":{"line":54,"column":21}}],"line":54},"3":{"loc":{"start":{"line":55,"column":2},"end":{"line":55,"column":25}},"type":"default-arg","locations":[{"start":{"line":55,"column":20},"end":{"line":55,"column":25}}],"line":55},"4":{"loc":{"start":{"line":62,"column":4},"end":{"line":67,"column":29}},"type":"binary-expr","locations":[{"start":{"line":62,"column":4},"end":{"line":62,"column":23}},{"start":{"line":63,"column":4},"end":{"line":63,"column":21}},{"start":{"line":64,"column":4},"end":{"line":64,"column":26}},{"start":{"line":65,"column":4},"end":{"line":65,"column":18}},{"start":{"line":66,"column":4},"end":{"line":66,"column":18}},{"start":{"line":67,"column":4},"end":{"line":67,"column":29}}],"line":62},"5":{"loc":{"start":{"line":73,"column":23},"end":{"line":73,"column":37}},"type":"binary-expr","locations":[{"start":{"line":73,"column":23},"end":{"line":73,"column":30}},{"start":{"line":73,"column":34},"end":{"line":73,"column":37}}],"line":73},"6":{"loc":{"start":{"line":73,"column":42},"end":{"line":73,"column":56}},"type":"binary-expr","locations":[{"start":{"line":73,"column":42},"end":{"line":73,"column":49}},{"start":{"line":73,"column":53},"end":{"line":73,"column":56}}],"line":73},"7":{"loc":{"start":{"line":82,"column":22},"end":{"line":82,"column":90}},"type":"cond-expr","locations":[{"start":{"line":82,"column":40},"end":{"line":82,"column":57}},{"start":{"line":82,"column":60},"end":{"line":82,"column":90}}],"line":82},"8":{"loc":{"start":{"line":89,"column":7},"end":{"line":100,"column":7}},"type":"binary-expr","locations":[{"start":{"line":89,"column":7},"end":{"line":89,"column":22}},{"start":{"line":90,"column":8},"end":{"line":99,"column":15}}],"line":89},"9":{"loc":{"start":{"line":102,"column":7},"end":{"line":104,"column":7}},"type":"binary-expr","locations":[{"start":{"line":102,"column":7},"end":{"line":102,"column":26}},{"start":{"line":103,"column":8},"end":{"line":103,"column":73}}],"line":102},"10":{"loc":{"start":{"line":106,"column":7},"end":{"line":108,"column":7}},"type":"binary-expr","locations":[{"start":{"line":106,"column":7},"end":{"line":106,"column":24}},{"start":{"line":107,"column":8},"end":{"line":107,"column":69}}],"line":106},"11":{"loc":{"start":{"line":110,"column":7},"end":{"line":112,"column":7}},"type":"binary-expr","locations":[{"start":{"line":110,"column":7},"end":{"line":110,"column":29}},{"start":{"line":111,"column":8},"end":{"line":111,"column":79}}],"line":110},"12":{"loc":{"start":{"line":114,"column":7},"end":{"line":121,"column":7}},"type":"binary-expr","locations":[{"start":{"line":114,"column":8},"end":{"line":114,"column":22}},{"start":{"line":114,"column":26},"end":{"line":114,"column":40}},{"start":{"line":115,"column":8},"end":{"line":120,"column":10}}],"line":114},"13":{"loc":{"start":{"line":123,"column":7},"end":{"line":134,"column":7}},"type":"binary-expr","locations":[{"start":{"line":123,"column":7},"end":{"line":123,"column":21}},{"start":{"line":123,"column":25},"end":{"line":123,"column":50}},{"start":{"line":124,"column":8},"end":{"line":133,"column":11}}],"line":123},"14":{"loc":{"start":{"line":127,"column":19},"end":{"line":127,"column":50}},"type":"binary-expr","locations":[{"start":{"line":127,"column":19},"end":{"line":127,"column":29}},{"start":{"line":127,"column":33},"end":{"line":127,"column":50}}],"line":127},"15":{"loc":{"start":{"line":136,"column":7},"end":{"line":144,"column":7}},"type":"binary-expr","locations":[{"start":{"line":136,"column":7},"end":{"line":136,"column":22}},{"start":{"line":137,"column":8},"end":{"line":143,"column":15}}],"line":136},"16":{"loc":{"start":{"line":139,"column":19},"end":{"line":139,"column":78}},"type":"binary-expr","locations":[{"start":{"line":139,"column":19},"end":{"line":139,"column":51}},{"start":{"line":139,"column":55},"end":{"line":139,"column":78}}],"line":139},"17":{"loc":{"start":{"line":146,"column":7},"end":{"line":146,"column":64}},"type":"binary-expr","locations":[{"start":{"line":146,"column":7},"end":{"line":146,"column":17}},{"start":{"line":146,"column":21},"end":{"line":146,"column":64}}],"line":146}},"s":{"0":0,"1":0,"2":0,"3":0,"4":0,"5":0,"6":0,"7":0,"8":0,"9":0,"10":0,"11":0},"f":{"0":0,"1":0,"2":0,"3":0,"4":0},"b":{"0":[0],"1":[0],"2":[0],"3":[0],"4":[0,0,0,0,0,0],"5":[0,0],"6":[0,0],"7":[0,0],"8":[0,0],"9":[0,0],"10":[0,0],"11":[0,0],"12":[0,0,0],"13":[0,0,0],"14":[0,0],"15":[0,0],"16":[0,0],"17":[0,0]}}
,"/Users/umituz/Desktop/Github/umituz/apps/ai/npm-packages/react-native-settings/src/presentation/screens/components/SettingsHeader.tsx": {"path":"/Users/umituz/Desktop/Github/umituz/apps/ai/npm-packages/react-native-settings/src/presentation/screens/components/SettingsHeader.tsx","statementMap":{"0":{"start":{"line":18,"column":61},"end":{"line":62,"column":1}},"1":{"start":{"line":22,"column":21},"end":{"line":22,"column":36}},"2":{"start":{"line":23,"column":17},"end":{"line":23,"column":37}},"3":{"start":{"line":24,"column":17},"end":{"line":24,"column":36}},"4":{"start":{"line":26,"column":22},"end":{"line":32,"column":3}},"5":{"start":{"line":27,"column":4},"end":{"line":31,"column":5}},"6":{"start":{"line":28,"column":6},"end":{"line":28,"column":16}},"7":{"start":{"line":30,"column":6},"end":{"line":30,"column":26}},"8":{"start":{"line":34,"column":2},"end":{"line":36,"column":3}},"9":{"start":{"line":35,"column":4},"end":{"line":35,"column":16}},"10":{"start":{"line":38,"column":2},"end":{"line":61,"column":4}},"11":{"start":{"line":64,"column":15},"end":{"line":79,"column":2}}},"fnMap":{"0":{"name":"(anonymous_0)","decl":{"start":{"line":18,"column":61},"end":{"line":18,"column":62}},"loc":{"start":{"line":21,"column":6},"end":{"line":62,"column":1}},"line":21},"1":{"name":"(anonymous_1)","decl":{"start":{"line":26,"column":22},"end":{"line":26,"column":23}},"loc":{"start":{"line":26,"column":28},"end":{"line":32,"column":3}},"line":26}},"branchMap":{"0":{"loc":{"start":{"line":19,"column":2},"end":{"line":19,"column":25}},"type":"default-arg","locations":[{"start":{"line":19,"column":20},"end":{"line":19,"column":25}}],"line":19},"1":{"loc":{"start":{"line":27,"column":4},"end":{"line":31,"column":5}},"type":"if","locations":[{"start":{"line":27,"column":4},"end":{"line":31,"column":5}},{"start":{"line":29,"column":11},"end":{"line":31,"column":5}}],"line":27},"2":{"loc":{"start":{"line":34,"column":2},"end":{"line":36,"column":3}},"type":"if","locations":[{"start":{"line":34,"column":2},"end":{"line":36,"column":3}},{"start":{},"end":{}}],"line":34}},"s":{"0":0,"1":0,"2":0,"3":0,"4":0,"5":0,"6":0,"7":0,"8":0,"9":0,"10":0,"11":0},"f":{"0":0,"1":0},"b":{"0":[0],"1":[0,0],"2":[0,0]}}
,"/Users/umituz/Desktop/Github/umituz/apps/ai/npm-packages/react-native-settings/src/presentation/screens/components/index.ts": {"path":"/Users/umituz/Desktop/Github/umituz/apps/ai/npm-packages/react-native-settings/src/presentation/screens/components/index.ts","statementMap":{},"fnMap":{},"branchMap":{},"s":{},"f":{},"b":{}}
,"/Users/umituz/Desktop/Github/umituz/apps/ai/npm-packages/react-native-settings/src/presentation/screens/hooks/useFeatureDetection.ts": {"path":"/Users/umituz/Desktop/Github/umituz/apps/ai/npm-packages/react-native-settings/src/presentation/screens/hooks/useFeatureDetection.ts","statementMap":{"0":{"start":{"line":13,"column":11},"end":{"line":13,"column":15}},"1":{"start":{"line":14,"column":0},"end":{"line":22,"column":1}},"2":{"start":{"line":16,"column":17},"end":{"line":16,"column":62}},"3":{"start":{"line":17,"column":2},"end":{"line":19,"column":3}},"4":{"start":{"line":18,"column":4},"end":{"line":18,"column":53}},"5":{"start":{"line":31,"column":2},"end":{"line":50,"column":3}},"6":{"start":{"line":32,"column":18},"end":{"line":32,"column":39}},"7":{"start":{"line":33,"column":4},"end":{"line":33,"column":29}},"8":{"start":{"line":33,"column":16},"end":{"line":33,"column":29}},"9":{"start":{"line":35,"column":24},"end":{"line":45,"column":5}},"10":{"start":{"line":36,"column":6},"end":{"line":36,"column":58}},"11":{"start":{"line":36,"column":45},"end":{"line":36,"column":58}},"12":{"start":{"line":38,"column":6},"end":{"line":43,"column":7}},"13":{"start":{"line":39,"column":8},"end":{"line":39,"column":51}},"14":{"start":{"line":39,"column":39},"end":{"line":39,"column":51}},"15":{"start":{"line":40,"column":8},"end":{"line":42,"column":9}},"16":{"start":{"line":41,"column":10},"end":{"line":41,"column":22}},"17":{"start":{"line":44,"column":6},"end":{"line":44,"column":19}},"18":{"start":{"line":47,"column":4},"end":{"line":47,"column":43}},"19":{"start":{"line":49,"column":4},"end":{"line":49,"column":17}},"20":{"start":{"line":63,"column":2},"end":{"line":116,"column":46}},"21":{"start":{"line":65,"column":6},"end":{"line":65,"column":22}},"22":{"start":{"line":67,"column":41},"end":{"line":67,"column":110}},"23":{"start":{"line":69,"column":4},"end":{"line":115,"column":6}}},"fnMap":{"0":{"name":"hasNavigationScreen","decl":{"start":{"line":27,"column":9},"end":{"line":27,"column":28}},"loc":{"start":{"line":30,"column":11},"end":{"line":51,"column":1}},"line":30},"1":{"name":"(anonymous_1)","decl":{"start":{"line":35,"column":24},"end":{"line":35,"column":25}},"loc":{"start":{"line":35,"column":52},"end":{"line":45,"column":5}},"line":35},"2":{"name":"useFeatureDetection","decl":{"start":{"line":56,"column":16},"end":{"line":56,"column":35}},"loc":{"start":{"line":62,"column":2},"end":{"line":117,"column":1}},"line":62},"3":{"name":"(anonymous_3)","decl":{"start":{"line":63,"column":17},"end":{"line":63,"column":18}},"loc":{"start":{"line":63,"column":23},"end":{"line":116,"column":3}},"line":63}},"branchMap":{"0":{"loc":{"start":{"line":17,"column":2},"end":{"line":19,"column":3}},"type":"if","locations":[{"start":{"line":17,"column":2},"end":{"line":19,"column":3}},{"start":{},"end":{}}],"line":17},"1":{"loc":{"start":{"line":17,"column":6},"end":{"line":17,"column":83}},"type":"binary-expr","locations":[{"start":{"line":17,"column":6},"end":{"line":17,"column":33}},{"start":{"line":17,"column":37},"end":{"line":17,"column":83}}],"line":17},"2":{"loc":{"start":{"line":33,"column":4},"end":{"line":33,"column":29}},"type":"if","locations":[{"start":{"line":33,"column":4},"end":{"line":33,"column":29}},{"start":{},"end":{}}],"line":33},"3":{"loc":{"start":{"line":36,"column":6},"end":{"line":36,"column":58}},"type":"if","locations":[{"start":{"line":36,"column":6},"end":{"line":36,"column":58}},{"start":{},"end":{}}],"line":36},"4":{"loc":{"start":{"line":36,"column":10},"end":{"line":36,"column":43}},"type":"binary-expr","locations":[{"start":{"line":36,"column":10},"end":{"line":36,"column":17}},{"start":{"line":36,"column":21},"end":{"line":36,"column":43}}],"line":36},"5":{"loc":{"start":{"line":39,"column":8},"end":{"line":39,"column":51}},"type":"if","locations":[{"start":{"line":39,"column":8},"end":{"line":39,"column":51}},{"start":{},"end":{}}],"line":39},"6":{"loc":{"start":{"line":40,"column":8},"end":{"line":42,"column":9}},"type":"if","locations":[{"start":{"line":40,"column":8},"end":{"line":42,"column":9}},{"start":{},"end":{}}],"line":40},"7":{"loc":{"start":{"line":40,"column":12},"end":{"line":40,"column":66}},"type":"binary-expr","locations":[{"start":{"line":40,"column":12},"end":{"line":40,"column":31}},{"start":{"line":40,"column":35},"end":{"line":40,"column":66}}],"line":40},"8":{"loc":{"start":{"line":47,"column":23},"end":{"line":47,"column":41}},"type":"binary-expr","locations":[{"start":{"line":47,"column":23},"end":{"line":47,"column":35}},{"start":{"line":47,"column":39},"end":{"line":47,"column":41}}],"line":47},"9":{"loc":{"start":{"line":67,"column":41},"end":{"line":67,"column":110}},"type":"binary-expr","locations":[{"start":{"line":67,"column":41},"end":{"line":67,"column":78}},{"start":{"line":67,"column":82},"end":{"line":67,"column":110}}],"line":67},"10":{"loc":{"start":{"line":71,"column":8},"end":{"line":77,"column":15}},"type":"binary-expr","locations":[{"start":{"line":71,"column":8},"end":{"line":71,"column":26}},{"start":{"line":72,"column":9},"end":{"line":72,"column":44}},{"start":{"line":73,"column":11},"end":{"line":73,"column":47}},{"start":{"line":74,"column":12},"end":{"line":77,"column":13}}],"line":71},"11":{"loc":{"start":{"line":76,"column":14},"end":{"line":76,"column":54}},"type":"binary-expr","locations":[{"start":{"line":76,"column":14},"end":{"line":76,"column":38}},{"start":{"line":76,"column":42},"end":{"line":76,"column":54}}],"line":76},"12":{"loc":{"start":{"line":79,"column":8},"end":{"line":85,"column":15}},"type":"binary-expr","locations":[{"start":{"line":79,"column":8},"end":{"line":79,"column":24}},{"start":{"line":80,"column":9},"end":{"line":80,"column":42}},{"start":{"line":81,"column":11},"end":{"line":81,"column":45}},{"start":{"line":82,"column":12},"end":{"line":85,"column":13}}],"line":79},"13":{"loc":{"start":{"line":84,"column":14},"end":{"line":84,"column":59}},"type":"binary-expr","locations":[{"start":{"line":84,"column":14},"end":{"line":84,"column":36}},{"start":{"line":84,"column":40},"end":{"line":84,"column":59}}],"line":84},"14":{"loc":{"start":{"line":87,"column":8},"end":{"line":94,"column":15}},"type":"binary-expr","locations":[{"start":{"line":87,"column":8},"end":{"line":87,"column":29}},{"start":{"line":88,"column":9},"end":{"line":88,"column":47}},{"start":{"line":89,"column":11},"end":{"line":89,"column":50}},{"start":{"line":90,"column":12},"end":{"line":90,"column":40}},{"start":{"line":91,"column":12},"end":{"line":94,"column":13}}],"line":87},"15":{"loc":{"start":{"line":93,"column":14},"end":{"line":93,"column":60}},"type":"binary-expr","locations":[{"start":{"line":93,"column":14},"end":{"line":93,"column":41}},{"start":{"line":93,"column":45},"end":{"line":93,"column":60}}],"line":93},"16":{"loc":{"start":{"line":96,"column":8},"end":{"line":99,"column":77}},"type":"binary-expr","locations":[{"start":{"line":96,"column":8},"end":{"line":96,"column":21}},{"start":{"line":97,"column":9},"end":{"line":97,"column":39}},{"start":{"line":98,"column":11},"end":{"line":98,"column":42}},{"start":{"line":99,"column":12},"end":{"line":99,"column":75}}],"line":96},"17":{"loc":{"start":{"line":99,"column":44},"end":{"line":99,"column":74}},"type":"binary-expr","locations":[{"start":{"line":99,"column":44},"end":{"line":99,"column":63}},{"start":{"line":99,"column":67},"end":{"line":99,"column":74}}],"line":99},"18":{"loc":{"start":{"line":101,"column":8},"end":{"line":104,"column":77}},"type":"binary-expr","locations":[{"start":{"line":101,"column":8},"end":{"line":101,"column":21}},{"start":{"line":102,"column":9},"end":{"line":102,"column":39}},{"start":{"line":103,"column":11},"end":{"line":103,"column":42}},{"start":{"line":104,"column":12},"end":{"line":104,"column":75}}],"line":101},"19":{"loc":{"start":{"line":104,"column":44},"end":{"line":104,"column":74}},"type":"binary-expr","locations":[{"start":{"line":104,"column":44},"end":{"line":104,"column":63}},{"start":{"line":104,"column":67},"end":{"line":104,"column":74}}],"line":104},"20":{"loc":{"start":{"line":106,"column":8},"end":{"line":112,"column":15}},"type":"binary-expr","locations":[{"start":{"line":106,"column":8},"end":{"line":106,"column":23}},{"start":{"line":107,"column":9},"end":{"line":107,"column":41}},{"start":{"line":108,"column":11},"end":{"line":108,"column":44}},{"start":{"line":109,"column":12},"end":{"line":112,"column":13}}],"line":106},"21":{"loc":{"start":{"line":111,"column":14},"end":{"line":111,"column":56}},"type":"binary-expr","locations":[{"start":{"line":111,"column":14},"end":{"line":111,"column":35}},{"start":{"line":111,"column":39},"end":{"line":111,"column":56}}],"line":111},"22":{"loc":{"start":{"line":114,"column":17},"end":{"line":114,"column":45}},"type":"binary-expr","locations":[{"start":{"line":114,"column":17},"end":{"line":114,"column":34}},{"start":{"line":114,"column":38},"end":{"line":114,"column":45}}],"line":114}},"s":{"0":0,"1":0,"2":0,"3":0,"4":0,"5":0,"6":0,"7":0,"8":0,"9":0,"10":0,"11":0,"12":0,"13":0,"14":0,"15":0,"16":0,"17":0,"18":0,"19":0,"20":0,"21":0,"22":0,"23":0},"f":{"0":0,"1":0,"2":0,"3":0},"b":{"0":[0,0],"1":[0,0],"2":[0,0],"3":[0,0],"4":[0,0],"5":[0,0],"6":[0,0],"7":[0,0],"8":[0,0],"9":[0,0],"10":[0,0,0,0],"11":[0,0],"12":[0,0,0,0],"13":[0,0],"14":[0,0,0,0,0],"15":[0,0],"16":[0,0,0,0],"17":[0,0],"18":[0,0,0,0],"19":[0,0],"20":[0,0,0,0],"21":[0,0],"22":[0,0]}}
,"/Users/umituz/Desktop/Github/umituz/apps/ai/npm-packages/react-native-settings/src/presentation/screens/types/CustomSection.ts": {"path":"/Users/umituz/Desktop/Github/umituz/apps/ai/npm-packages/react-native-settings/src/presentation/screens/types/CustomSection.ts","statementMap":{},"fnMap":{},"branchMap":{},"s":{},"f":{},"b":{}}
,"/Users/umituz/Desktop/Github/umituz/apps/ai/npm-packages/react-native-settings/src/presentation/screens/types/ExtendedConfig.ts": {"path":"/Users/umituz/Desktop/Github/umituz/apps/ai/npm-packages/react-native-settings/src/presentation/screens/types/ExtendedConfig.ts","statementMap":{},"fnMap":{},"branchMap":{},"s":{},"f":{},"b":{}}
,"/Users/umituz/Desktop/Github/umituz/apps/ai/npm-packages/react-native-settings/src/presentation/screens/types/FeatureConfig.ts": {"path":"/Users/umituz/Desktop/Github/umituz/apps/ai/npm-packages/react-native-settings/src/presentation/screens/types/FeatureConfig.ts","statementMap":{},"fnMap":{},"branchMap":{},"s":{},"f":{},"b":{}}
,"/Users/umituz/Desktop/Github/umituz/apps/ai/npm-packages/react-native-settings/src/presentation/screens/types/SettingsConfig.ts": {"path":"/Users/umituz/Desktop/Github/umituz/apps/ai/npm-packages/react-native-settings/src/presentation/screens/types/SettingsConfig.ts","statementMap":{},"fnMap":{},"branchMap":{},"s":{},"f":{},"b":{}}
,"/Users/umituz/Desktop/Github/umituz/apps/ai/npm-packages/react-native-settings/src/presentation/screens/types/index.ts": {"path":"/Users/umituz/Desktop/Github/umituz/apps/ai/npm-packages/react-native-settings/src/presentation/screens/types/index.ts","statementMap":{},"fnMap":{},"branchMap":{},"s":{},"f":{},"b":{}}
,"/Users/umituz/Desktop/Github/umituz/apps/ai/npm-packages/react-native-settings/src/presentation/screens/utils/normalizeConfig.ts": {"path":"/Users/umituz/Desktop/Github/umituz/apps/ai/npm-packages/react-native-settings/src/presentation/screens/utils/normalizeConfig.ts","statementMap":{"0":{"start":{"line":61,"column":2},"end":{"line":63,"column":3}},"1":{"start":{"line":62,"column":4},"end":{"line":62,"column":46}},"2":{"start":{"line":65,"column":2},"end":{"line":67,"column":3}},"3":{"start":{"line":66,"column":4},"end":{"line":66,"column":39}},"4":{"start":{"line":70,"column":17},"end":{"line":70,"column":27}},"5":{"start":{"line":72,"column":4},"end":{"line":72,"column":72}},"6":{"start":{"line":73,"column":2},"end":{"line":76,"column":4}},"7":{"start":{"line":85,"column":2},"end":{"line":94,"column":4}}},"fnMap":{"0":{"name":"normalizeConfigValue","decl":{"start":{"line":57,"column":9},"end":{"line":57,"column":29}},"loc":{"start":{"line":60,"column":36},"end":{"line":77,"column":1}},"line":60},"1":{"name":"normalizeSettingsConfig","decl":{"start":{"line":82,"column":16},"end":{"line":82,"column":39}},"loc":{"start":{"line":84,"column":20},"end":{"line":95,"column":1}},"line":84}},"branchMap":{"0":{"loc":{"start":{"line":61,"column":2},"end":{"line":63,"column":3}},"type":"if","locations":[{"start":{"line":61,"column":2},"end":{"line":63,"column":3}},{"start":{},"end":{}}],"line":61},"1":{"loc":{"start":{"line":65,"column":2},"end":{"line":67,"column":3}},"type":"if","locations":[{"start":{"line":65,"column":2},"end":{"line":67,"column":3}},{"start":{},"end":{}}],"line":65},"2":{"loc":{"start":{"line":65,"column":6},"end":{"line":65,"column":52}},"type":"binary-expr","locations":[{"start":{"line":65,"column":6},"end":{"line":65,"column":32}},{"start":{"line":65,"column":36},"end":{"line":65,"column":52}}],"line":65},"3":{"loc":{"start":{"line":72,"column":4},"end":{"line":72,"column":72}},"type":"binary-expr","locations":[{"start":{"line":72,"column":4},"end":{"line":72,"column":56}},{"start":{"line":72,"column":60},"end":{"line":72,"column":72}}],"line":72}},"s":{"0":0,"1":0,"2":0,"3":0,"4":0,"5":0,"6":0,"7":0},"f":{"0":0,"1":0},"b":{"0":[0,0],"1":[0,0],"2":[0,0],"3":[0,0]}}
}
